<!DOCTYPE html PUBLIC "-//W3C//DTD XHTML 1.1//EN" "http://www.w3.org/TR/xhtml11/DTD/xhtml11.dtd">
<html xmlns="http://www.w3.org/1999/xhtml">
<head>
<meta http-equiv="content-type" content="text/html; charset=UTF-8"/>
<title>TestNG Report</title>
<style type="text/css">table {margin-bottom:10px;border-collapse:collapse;empty-cells:show}th,td {border:1px solid #009;padding:.25em .5em}th {vertical-align:bottom}td {vertical-align:top}table a {font-weight:bold}.stripe td {background-color: #E6EBF9}.num {text-align:right}.passedodd td {background-color: #3F3}.passedeven td {background-color: #0A0}.skippedodd td {background-color: #DDD}.skippedeven td {background-color: #CCC}.failedodd td,.attn {background-color: #F33}.failedeven td,.stripe .attn {background-color: #D00}.stacktrace {white-space:pre;font-family:monospace}.totop {font-size:85%;text-align:center;border-bottom:2px solid #000}.invisible {display:none}</style>
</head>
<body>
<table>
<tr><th>Test</th><th># Passed</th><th># Skipped</th><th># Failed</th><th>Time (ms)</th><th>Included Groups</th><th>Excluded Groups</th></tr>
<tr><th colspan="7">Running tests on https://demo.midtrans.com/</th></tr>
<tr><td><a href="#t0">Running regression test</a></td><td class="num">0</td><td class="num attn">14</td><td class="num">0</td><td class="num">355</td><td>regression</td><td></td></tr>
</table>
<table id='summary'><thead><tr><th>Class</th><th>Method</th><th>Start</th><th>Time (ms)</th></tr></thead><tbody><tr><th colspan="4">Running tests on https://demo.midtrans.com/</th></tr></tbody><tbody id="t0"><tr><th colspan="4">Running regression test &#8212; failed (configuration methods)</th></tr><tr class="failedeven"><td rowspan="16">pagetests.HomePageTest</td><td><a href="#m0">Goto</a></td><td rowspan="14">1678238802525</td><td rowspan="14">1</td></tr><tr class="failedeven"><td><a href="#m1">Goto</a></td></tr><tr class="failedeven"><td><a href="#m2">Goto</a></td></tr><tr class="failedeven"><td><a href="#m3">Goto</a></td></tr><tr class="failedeven"><td><a href="#m4">Goto</a></td></tr><tr class="failedeven"><td><a href="#m5">Goto</a></td></tr><tr class="failedeven"><td><a href="#m6">Goto</a></td></tr><tr class="failedeven"><td><a href="#m7">Goto</a></td></tr><tr class="failedeven"><td><a href="#m8">Goto</a></td></tr><tr class="failedeven"><td><a href="#m9">Goto</a></td></tr><tr class="failedeven"><td><a href="#m10">Goto</a></td></tr><tr class="failedeven"><td><a href="#m11">Goto</a></td></tr><tr class="failedeven"><td><a href="#m12">Goto</a></td></tr><tr class="failedeven"><td><a href="#m13">Goto</a></td></tr><tr class="failedeven"><td><a href="#m14">tearDown</a></td><td rowspan="1">1678238802540</td><td rowspan="1">1</td></tr><tr class="failedeven"><td><a href="#m15">tearUp</a></td><td rowspan="1">1678238802205</td><td rowspan="1">227</td></tr><tr><th colspan="4">Running regression test &#8212; skipped</th></tr><tr class="skippedeven"><td rowspan="14">pagetests.HomePageTest</td><td><a href="#m16">VerifyAllPaymentOptionsListedOnPayment</a></td><td rowspan="1">1678238802496</td><td rowspan="1">0</td></tr><tr class="skippedeven"><td><a href="#m17">VerifyCheckoutPopup</a></td><td rowspan="1">1678238802475</td><td rowspan="1">0</td></tr><tr class="skippedeven"><td><a href="#m18">VerifyClickOnCheckout</a></td><td rowspan="1">1678238802482</td><td rowspan="1">0</td></tr><tr class="skippedeven"><td><a href="#m19">VerifyInputIsEditable</a></td><td rowspan="1">1678238802478</td><td rowspan="1">0</td></tr><tr class="skippedeven"><td><a href="#m20">VerifyPaymentPageFromOrderSummary</a></td><td rowspan="1">1678238802491</td><td rowspan="1">0</td></tr><tr class="skippedeven"><td><a href="#m21">VerifyPillowPrice</a></td><td rowspan="1">1678238802468</td><td rowspan="1">0</td></tr><tr class="skippedeven"><td><a href="#m22">VerifyProductDetailsonOrderSummeryPopup</a></td><td rowspan="1">1678238802486</td><td rowspan="1">0</td></tr><tr class="skippedeven"><td><a href="#m23">VerifyUserClickingOnDebitOrCreditCardRedirectsToCardDetailsScreen</a></td><td rowspan="1">1678238802501</td><td rowspan="1">0</td></tr><tr class="skippedeven"><td><a href="#m24">test11</a></td><td rowspan="1">1678238802512</td><td rowspan="1">0</td></tr><tr class="skippedeven"><td><a href="#m25">test12</a></td><td rowspan="1">1678238802520</td><td rowspan="1">0</td></tr><tr class="skippedeven"><td><a href="#m26">test13</a></td><td rowspan="1">1678238802530</td><td rowspan="1">0</td></tr><tr class="skippedeven"><td><a href="#m27">test14</a></td><td rowspan="1">1678238802536</td><td rowspan="1">0</td></tr><tr class="skippedeven"><td><a href="#m28">test15</a></td><td rowspan="1">1678238802539</td><td rowspan="1">0</td></tr><tr class="skippedeven"><td><a href="#m29">verifyOrderAmountAfterApplyingCoupon</a></td><td rowspan="1">1678238802505</td><td rowspan="1">0</td></tr></tbody>
</table>
<h2>Running regression test</h2><h3 id="m0">pagetests.HomePageTest#Goto</h3><table class="result"><tr><th>Exception</th></tr><tr><td><div class="stacktrace">java.lang.NullPointerException: Cannot invoke &quot;org.openqa.selenium.WebDriver.get(String)&quot; because &quot;this.driver&quot; is null
	at setup.SetupDriver.Goto(SetupDriver.java:40)
... Removed 30 stack frames</div></td></tr></table><p class="totop"><a href="#summary">back to summary</a></p>
<h3 id="m1">pagetests.HomePageTest#Goto</h3><table class="result"><tr><th>Exception</th></tr><tr><td><div class="stacktrace">java.lang.NullPointerException: Cannot invoke &quot;org.openqa.selenium.WebDriver.get(String)&quot; because &quot;this.driver&quot; is null
	at setup.SetupDriver.Goto(SetupDriver.java:40)
... Removed 30 stack frames</div></td></tr></table><p class="totop"><a href="#summary">back to summary</a></p>
<h3 id="m2">pagetests.HomePageTest#Goto</h3><table class="result"><tr><th>Exception</th></tr><tr><td><div class="stacktrace">java.lang.NullPointerException: Cannot invoke &quot;org.openqa.selenium.WebDriver.get(String)&quot; because &quot;this.driver&quot; is null
	at setup.SetupDriver.Goto(SetupDriver.java:40)
... Removed 30 stack frames</div></td></tr></table><p class="totop"><a href="#summary">back to summary</a></p>
<h3 id="m3">pagetests.HomePageTest#Goto</h3><table class="result"><tr><th>Exception</th></tr><tr><td><div class="stacktrace">java.lang.NullPointerException: Cannot invoke &quot;org.openqa.selenium.WebDriver.get(String)&quot; because &quot;this.driver&quot; is null
	at setup.SetupDriver.Goto(SetupDriver.java:40)
... Removed 30 stack frames</div></td></tr></table><p class="totop"><a href="#summary">back to summary</a></p>
<h3 id="m4">pagetests.HomePageTest#Goto</h3><table class="result"><tr><th>Exception</th></tr><tr><td><div class="stacktrace">java.lang.NullPointerException: Cannot invoke &quot;org.openqa.selenium.WebDriver.get(String)&quot; because &quot;this.driver&quot; is null
	at setup.SetupDriver.Goto(SetupDriver.java:40)
... Removed 30 stack frames</div></td></tr></table><p class="totop"><a href="#summary">back to summary</a></p>
<h3 id="m5">pagetests.HomePageTest#Goto</h3><table class="result"><tr><th>Exception</th></tr><tr><td><div class="stacktrace">java.lang.NullPointerException: Cannot invoke &quot;org.openqa.selenium.WebDriver.get(String)&quot; because &quot;this.driver&quot; is null
	at setup.SetupDriver.Goto(SetupDriver.java:40)
... Removed 30 stack frames</div></td></tr></table><p class="totop"><a href="#summary">back to summary</a></p>
<h3 id="m6">pagetests.HomePageTest#Goto</h3><table class="result"><tr><th>Exception</th></tr><tr><td><div class="stacktrace">java.lang.NullPointerException: Cannot invoke &quot;org.openqa.selenium.WebDriver.get(String)&quot; because &quot;this.driver&quot; is null
	at setup.SetupDriver.Goto(SetupDriver.java:40)
... Removed 30 stack frames</div></td></tr></table><p class="totop"><a href="#summary">back to summary</a></p>
<h3 id="m7">pagetests.HomePageTest#Goto</h3><table class="result"><tr><th>Exception</th></tr><tr><td><div class="stacktrace">java.lang.NullPointerException: Cannot invoke &quot;org.openqa.selenium.WebDriver.get(String)&quot; because &quot;this.driver&quot; is null
	at setup.SetupDriver.Goto(SetupDriver.java:40)
... Removed 30 stack frames</div></td></tr></table><p class="totop"><a href="#summary">back to summary</a></p>
<h3 id="m8">pagetests.HomePageTest#Goto</h3><table class="result"><tr><th>Exception</th></tr><tr><td><div class="stacktrace">java.lang.NullPointerException: Cannot invoke &quot;org.openqa.selenium.WebDriver.get(String)&quot; because &quot;this.driver&quot; is null
	at setup.SetupDriver.Goto(SetupDriver.java:40)
... Removed 30 stack frames</div></td></tr></table><p class="totop"><a href="#summary">back to summary</a></p>
<h3 id="m9">pagetests.HomePageTest#Goto</h3><table class="result"><tr><th>Exception</th></tr><tr><td><div class="stacktrace">java.lang.NullPointerException: Cannot invoke &quot;org.openqa.selenium.WebDriver.get(String)&quot; because &quot;this.driver&quot; is null
	at setup.SetupDriver.Goto(SetupDriver.java:40)
... Removed 30 stack frames</div></td></tr></table><p class="totop"><a href="#summary">back to summary</a></p>
<h3 id="m10">pagetests.HomePageTest#Goto</h3><table class="result"><tr><th>Exception</th></tr><tr><td><div class="stacktrace">java.lang.NullPointerException: Cannot invoke &quot;org.openqa.selenium.WebDriver.get(String)&quot; because &quot;this.driver&quot; is null
	at setup.SetupDriver.Goto(SetupDriver.java:40)
... Removed 30 stack frames</div></td></tr></table><p class="totop"><a href="#summary">back to summary</a></p>
<h3 id="m11">pagetests.HomePageTest#Goto</h3><table class="result"><tr><th>Exception</th></tr><tr><td><div class="stacktrace">java.lang.NullPointerException: Cannot invoke &quot;org.openqa.selenium.WebDriver.get(String)&quot; because &quot;this.driver&quot; is null
	at setup.SetupDriver.Goto(SetupDriver.java:40)
... Removed 30 stack frames</div></td></tr></table><p class="totop"><a href="#summary">back to summary</a></p>
<h3 id="m12">pagetests.HomePageTest#Goto</h3><table class="result"><tr><th>Exception</th></tr><tr><td><div class="stacktrace">java.lang.NullPointerException: Cannot invoke &quot;org.openqa.selenium.WebDriver.get(String)&quot; because &quot;this.driver&quot; is null
	at setup.SetupDriver.Goto(SetupDriver.java:40)
... Removed 30 stack frames</div></td></tr></table><p class="totop"><a href="#summary">back to summary</a></p>
<h3 id="m13">pagetests.HomePageTest#Goto</h3><table class="result"><tr><th>Exception</th></tr><tr><td><div class="stacktrace">java.lang.NullPointerException: Cannot invoke &quot;org.openqa.selenium.WebDriver.get(String)&quot; because &quot;this.driver&quot; is null
	at setup.SetupDriver.Goto(SetupDriver.java:40)
... Removed 30 stack frames</div></td></tr></table><p class="totop"><a href="#summary">back to summary</a></p>
<h3 id="m14">pagetests.HomePageTest#tearDown</h3><table class="result"><tr><th>Exception</th></tr><tr><td><div class="stacktrace">java.lang.NullPointerException: Cannot invoke &quot;org.openqa.selenium.WebDriver.quit()&quot; because &quot;this.driver&quot; is null
	at setup.SetupDriver.tearDown(SetupDriver.java:44)
... Removed 28 stack frames</div></td></tr></table><p class="totop"><a href="#summary">back to summary</a></p>
<h3 id="m15">pagetests.HomePageTest#tearUp</h3><table class="result"><tr><th>Exception</th></tr><tr><td><div class="stacktrace">java.lang.NoSuchMethodError: &apos;com.google.common.collect.ImmutableMap com.google.common.collect.ImmutableMap.of(java.lang.Object, java.lang.Object, java.lang.Object, java.lang.Object, java.lang.Object, java.lang.Object, java.lang.Object, java.lang.Object, java.lang.Object, java.lang.Object, java.lang.Object, java.lang.Object)&apos;
	at org.openqa.selenium.chrome.AddHasCasting.getAdditionalCommands(AddHasCasting.java:38)
	at org.openqa.selenium.chrome.ChromeDriver$ChromeDriverCommandExecutor.getExtraCommands(ChromeDriver.java:99)
	at org.openqa.selenium.chrome.ChromeDriver$ChromeDriverCommandExecutor.&lt;init&gt;(ChromeDriver.java:94)
	at org.openqa.selenium.chrome.ChromeDriver.&lt;init&gt;(ChromeDriver.java:82)
	at org.openqa.selenium.chrome.ChromeDriver.&lt;init&gt;(ChromeDriver.java:50)
	at setup.SetupDriver.launchBrowser(SetupDriver.java:52)
	at setup.SetupDriver.tearUp(SetupDriver.java:29)
... Removed 28 stack frames</div></td></tr></table><p class="totop"><a href="#summary">back to summary</a></p>
<h3 id="m16">pagetests.HomePageTest#VerifyAllPaymentOptionsListedOnPayment</h3><table class="result"><tr><th>Exception</th></tr><tr><td><div class="stacktrace">java.lang.NullPointerException: Cannot invoke &quot;org.openqa.selenium.WebDriver.get(String)&quot; because &quot;this.driver&quot; is null
	at setup.SetupDriver.Goto(SetupDriver.java:40)
... Removed 30 stack frames</div></td></tr></table><p class="totop"><a href="#summary">back to summary</a></p>
<h3 id="m17">pagetests.HomePageTest#VerifyCheckoutPopup</h3><table class="result"><tr><th>Exception</th></tr><tr><td><div class="stacktrace">java.lang.NullPointerException: Cannot invoke &quot;org.openqa.selenium.WebDriver.get(String)&quot; because &quot;this.driver&quot; is null
	at setup.SetupDriver.Goto(SetupDriver.java:40)
... Removed 30 stack frames</div></td></tr></table><p class="totop"><a href="#summary">back to summary</a></p>
<h3 id="m18">pagetests.HomePageTest#VerifyClickOnCheckout</h3><table class="result"><tr><th>Exception</th></tr><tr><td><div class="stacktrace">java.lang.NullPointerException: Cannot invoke &quot;org.openqa.selenium.WebDriver.get(String)&quot; because &quot;this.driver&quot; is null
	at setup.SetupDriver.Goto(SetupDriver.java:40)
... Removed 30 stack frames</div></td></tr></table><p class="totop"><a href="#summary">back to summary</a></p>
<h3 id="m19">pagetests.HomePageTest#VerifyInputIsEditable</h3><table class="result"><tr><th>Exception</th></tr><tr><td><div class="stacktrace">java.lang.NullPointerException: Cannot invoke &quot;org.openqa.selenium.WebDriver.get(String)&quot; because &quot;this.driver&quot; is null
	at setup.SetupDriver.Goto(SetupDriver.java:40)
... Removed 30 stack frames</div></td></tr></table><p class="totop"><a href="#summary">back to summary</a></p>
<h3 id="m20">pagetests.HomePageTest#VerifyPaymentPageFromOrderSummary</h3><table class="result"><tr><th>Exception</th></tr><tr><td><div class="stacktrace">java.lang.NullPointerException: Cannot invoke &quot;org.openqa.selenium.WebDriver.get(String)&quot; because &quot;this.driver&quot; is null
	at setup.SetupDriver.Goto(SetupDriver.java:40)
... Removed 30 stack frames</div></td></tr></table><p class="totop"><a href="#summary">back to summary</a></p>
<h3 id="m21">pagetests.HomePageTest#VerifyPillowPrice</h3><table class="result"><tr><th>Exception</th></tr><tr><td><div class="stacktrace">java.lang.NullPointerException: Cannot invoke &quot;org.openqa.selenium.WebDriver.get(String)&quot; because &quot;this.driver&quot; is null
	at setup.SetupDriver.Goto(SetupDriver.java:40)
... Removed 30 stack frames</div></td></tr></table><p class="totop"><a href="#summary">back to summary</a></p>
<h3 id="m22">pagetests.HomePageTest#VerifyProductDetailsonOrderSummeryPopup</h3><table class="result"><tr><th>Exception</th></tr><tr><td><div class="stacktrace">java.lang.NullPointerException: Cannot invoke &quot;org.openqa.selenium.WebDriver.get(String)&quot; because &quot;this.driver&quot; is null
	at setup.SetupDriver.Goto(SetupDriver.java:40)
... Removed 30 stack frames</div></td></tr></table><p class="totop"><a href="#summary">back to summary</a></p>
<h3 id="m23">pagetests.HomePageTest#VerifyUserClickingOnDebitOrCreditCardRedirectsToCardDetailsScreen</h3><table class="result"><tr><th>Exception</th></tr><tr><td><div class="stacktrace">java.lang.NullPointerException: Cannot invoke &quot;org.openqa.selenium.WebDriver.get(String)&quot; because &quot;this.driver&quot; is null
	at setup.SetupDriver.Goto(SetupDriver.java:40)
... Removed 30 stack frames</div></td></tr></table><p class="totop"><a href="#summary">back to summary</a></p>
<h3 id="m24">pagetests.HomePageTest#test11</h3><table class="result"><tr><th>Exception</th></tr><tr><td><div class="stacktrace">java.lang.NullPointerException: Cannot invoke &quot;org.openqa.selenium.WebDriver.get(String)&quot; because &quot;this.driver&quot; is null
	at setup.SetupDriver.Goto(SetupDriver.java:40)
... Removed 30 stack frames</div></td></tr></table><p class="totop"><a href="#summary">back to summary</a></p>
<h3 id="m25">pagetests.HomePageTest#test12</h3><table class="result"><tr><th>Exception</th></tr><tr><td><div class="stacktrace">java.lang.NullPointerException: Cannot invoke &quot;org.openqa.selenium.WebDriver.get(String)&quot; because &quot;this.driver&quot; is null
	at setup.SetupDriver.Goto(SetupDriver.java:40)
... Removed 30 stack frames</div></td></tr></table><p class="totop"><a href="#summary">back to summary</a></p>
<h3 id="m26">pagetests.HomePageTest#test13</h3><table class="result"><tr><th>Exception</th></tr><tr><td><div class="stacktrace">java.lang.NullPointerException: Cannot invoke &quot;org.openqa.selenium.WebDriver.get(String)&quot; because &quot;this.driver&quot; is null
	at setup.SetupDriver.Goto(SetupDriver.java:40)
... Removed 30 stack frames</div></td></tr></table><p class="totop"><a href="#summary">back to summary</a></p>
<h3 id="m27">pagetests.HomePageTest#test14</h3><table class="result"><tr><th>Exception</th></tr><tr><td><div class="stacktrace">java.lang.NullPointerException: Cannot invoke &quot;org.openqa.selenium.WebDriver.get(String)&quot; because &quot;this.driver&quot; is null
	at setup.SetupDriver.Goto(SetupDriver.java:40)
... Removed 30 stack frames</div></td></tr></table><p class="totop"><a href="#summary">back to summary</a></p>
<h3 id="m28">pagetests.HomePageTest#test15</h3><table class="result"><tr><th>Exception</th></tr><tr><td><div class="stacktrace">java.lang.NullPointerException: Cannot invoke &quot;org.openqa.selenium.WebDriver.get(String)&quot; because &quot;this.driver&quot; is null
	at setup.SetupDriver.Goto(SetupDriver.java:40)
... Removed 30 stack frames</div></td></tr></table><p class="totop"><a href="#summary">back to summary</a></p>
<h3 id="m29">pagetests.HomePageTest#verifyOrderAmountAfterApplyingCoupon</h3><table class="result"><tr><th>Exception</th></tr><tr><td><div class="stacktrace">java.lang.NullPointerException: Cannot invoke &quot;org.openqa.selenium.WebDriver.get(String)&quot; because &quot;this.driver&quot; is null
	at setup.SetupDriver.Goto(SetupDriver.java:40)
... Removed 30 stack frames</div></td></tr></table><p class="totop"><a href="#summary">back to summary</a></p>
</body>
</html>
